This is pdfTeX, Version 3.1415926-2.4-1.40.13 (TeX Live 2012) (format=pdflatex 2012.6.30)  27 APR 2016 16:18
entering extended mode
 restricted \write18 enabled.
 file:line:error style messages enabled.
 %&-line parsing enabled.
**NER-Diffusion-CI4BD-v1.tex
(./NER-Diffusion-CI4BD-v1.tex
LaTeX2e <2011/06/27>
Babel <v3.8m> and hyphenation patterns for english, dumylang, nohyphenation, ge
rman-x-2012-05-30, ngerman-x-2012-05-30, afrikaans, ancientgreek, ibycus, arabi
c, armenian, basque, bulgarian, catalan, pinyin, coptic, croatian, czech, danis
h, dutch, ukenglish, usenglishmax, esperanto, estonian, ethiopic, farsi, finnis
h, french, friulan, galician, german, ngerman, swissgerman, monogreek, greek, h
ungarian, icelandic, assamese, bengali, gujarati, hindi, kannada, malayalam, ma
rathi, oriya, panjabi, tamil, telugu, indonesian, interlingua, irish, italian, 
kurmanji, latin, latvian, lithuanian, mongolian, mongolianlmc, bokmal, nynorsk,
 polish, portuguese, romanian, romansh, russian, sanskrit, serbian, serbianc, s
lovak, slovenian, spanish, swedish, turkish, turkmen, ukrainian, uppersorbian, 
welsh, loaded.
(./IEEEtran.cls
Document Class: IEEEtran 2015/08/26 V1.8b by Michael Shell
-- See the "IEEEtran_HOWTO" manual for usage information.
-- http://www.michaelshell.org/tex/ieeetran/
\@IEEEtrantmpdimenA=\dimen102
\@IEEEtrantmpdimenB=\dimen103
\@IEEEtrantmpdimenC=\dimen104
\@IEEEtrantmpcountA=\count79
\@IEEEtrantmpcountB=\count80
\@IEEEtrantmpcountC=\count81
\@IEEEtrantmptoksA=\toks14
LaTeX Font Info:    Try loading font information for OT1+ppl on input line 503.

(/usr/local/texlive/2012/texmf-dist/tex/latex/psnfss/ot1ppl.fd
File: ot1ppl.fd 2001/06/04 font definitions for OT1/ppl.
)
-- Using IEEE Computer Society mode.
-- Using 8.5in x 11in (letter) paper.
-- Using PDF output.
\@IEEEnormalsizeunitybaselineskip=\dimen105
-- This is a 10 point document.
\CLASSINFOnormalsizebaselineskip=\dimen106
\CLASSINFOnormalsizeunitybaselineskip=\dimen107
\IEEEnormaljot=\dimen108
LaTeX Font Info:    Font shape `OT1/ppl/bx/n' in size <5.01874> not available
(Font)              Font shape `OT1/ppl/b/n' tried instead on input line 1090.
LaTeX Font Info:    Font shape `OT1/ppl/bx/it' in size <5.01874> not available
(Font)              Font shape `OT1/ppl/b/it' tried instead on input line 1090.

LaTeX Font Info:    Font shape `OT1/ppl/bx/n' in size <7.02625> not available
(Font)              Font shape `OT1/ppl/b/n' tried instead on input line 1090.
LaTeX Font Info:    Font shape `OT1/ppl/bx/it' in size <7.02625> not available
(Font)              Font shape `OT1/ppl/b/it' tried instead on input line 1090.

LaTeX Font Info:    Font shape `OT1/ppl/bx/n' in size <8.03> not available
(Font)              Font shape `OT1/ppl/b/n' tried instead on input line 1090.
LaTeX Font Info:    Font shape `OT1/ppl/bx/it' in size <8.03> not available
(Font)              Font shape `OT1/ppl/b/it' tried instead on input line 1090.

LaTeX Font Info:    Font shape `OT1/ppl/bx/n' in size <9.03374> not available
(Font)              Font shape `OT1/ppl/b/n' tried instead on input line 1090.
LaTeX Font Info:    Font shape `OT1/ppl/bx/it' in size <9.03374> not available
(Font)              Font shape `OT1/ppl/b/it' tried instead on input line 1090.

LaTeX Font Info:    Font shape `OT1/ppl/bx/n' in size <9.53561> not available
(Font)              Font shape `OT1/ppl/b/n' tried instead on input line 1090.
LaTeX Font Info:    Font shape `OT1/ppl/bx/it' in size <9.53561> not available
(Font)              Font shape `OT1/ppl/b/it' tried instead on input line 1090.

LaTeX Font Info:    Font shape `OT1/ppl/bx/n' in size <11.04124> not available
(Font)              Font shape `OT1/ppl/b/n' tried instead on input line 1090.
LaTeX Font Info:    Font shape `OT1/ppl/bx/it' in size <11.04124> not available

(Font)              Font shape `OT1/ppl/b/it' tried instead on input line 1090.

LaTeX Font Info:    Font shape `OT1/ppl/bx/n' in size <12.045> not available
(Font)              Font shape `OT1/ppl/b/n' tried instead on input line 1090.
LaTeX Font Info:    Font shape `OT1/ppl/bx/it' in size <12.045> not available
(Font)              Font shape `OT1/ppl/b/it' tried instead on input line 1090.

LaTeX Font Info:    Font shape `OT1/ppl/bx/n' in size <17.06374> not available
(Font)              Font shape `OT1/ppl/b/n' tried instead on input line 1090.
LaTeX Font Info:    Font shape `OT1/ppl/bx/it' in size <17.06374> not available

(Font)              Font shape `OT1/ppl/b/it' tried instead on input line 1090.

LaTeX Font Info:    Font shape `OT1/ppl/bx/n' in size <20.075> not available
(Font)              Font shape `OT1/ppl/b/n' tried instead on input line 1090.
LaTeX Font Info:    Font shape `OT1/ppl/bx/it' in size <20.075> not available
(Font)              Font shape `OT1/ppl/b/it' tried instead on input line 1090.

LaTeX Font Info:    Font shape `OT1/ppl/bx/n' in size <24.09> not available
(Font)              Font shape `OT1/ppl/b/n' tried instead on input line 1090.
LaTeX Font Info:    Font shape `OT1/ppl/bx/it' in size <24.09> not available
(Font)              Font shape `OT1/ppl/b/it' tried instead on input line 1090.

\IEEEquantizedlength=\dimen109
\IEEEquantizedlengthdiff=\dimen110
\IEEEquantizedtextheightdiff=\dimen111
\IEEEilabelindentA=\dimen112
\IEEEilabelindentB=\dimen113
\IEEEilabelindent=\dimen114
\IEEEelabelindent=\dimen115
\IEEEdlabelindent=\dimen116
\IEEElabelindent=\dimen117
\IEEEiednormlabelsep=\dimen118
\IEEEiedmathlabelsep=\dimen119
\IEEEiedtopsep=\skip41
\c@section=\count82
\c@subsection=\count83
\c@subsubsection=\count84
\c@paragraph=\count85
\c@IEEEsubequation=\count86
\abovecaptionskip=\skip42
\belowcaptionskip=\skip43
\c@figure=\count87
\c@table=\count88
\@IEEEeqnnumcols=\count89
\@IEEEeqncolcnt=\count90
\@IEEEsubeqnnumrollback=\count91
\@IEEEquantizeheightA=\dimen120
\@IEEEquantizeheightB=\dimen121
\@IEEEquantizeheightC=\dimen122
\@IEEEquantizeprevdepth=\dimen123
\@IEEEquantizemultiple=\count92
\@IEEEquantizeboxA=\box26
\@IEEEtmpitemindent=\dimen124
\IEEEPARstartletwidth=\dimen125
\c@IEEEbiography=\count93
\@IEEEtranrubishbin=\box27
) (/usr/local/texlive/2012/texmf-dist/tex/latex/cite/cite.sty
LaTeX Info: Redefining \cite on input line 302.
LaTeX Info: Redefining \nocite on input line 373.
Package: cite 2010/09/10  v 5.3
)
(/usr/local/texlive/2012/texmf-dist/tex/latex/graphics/graphicx.sty
Package: graphicx 1999/02/16 v1.0f Enhanced LaTeX Graphics (DPC,SPQR)

(/usr/local/texlive/2012/texmf-dist/tex/latex/graphics/keyval.sty
Package: keyval 1999/03/16 v1.13 key=value parser (DPC)
\KV@toks@=\toks15
)
(/usr/local/texlive/2012/texmf-dist/tex/latex/graphics/graphics.sty
Package: graphics 2009/02/05 v1.0o Standard LaTeX Graphics (DPC,SPQR)

(/usr/local/texlive/2012/texmf-dist/tex/latex/graphics/trig.sty
Package: trig 1999/03/16 v1.09 sin cos tan (DPC)
)
(/usr/local/texlive/2012/texmf-dist/tex/latex/latexconfig/graphics.cfg
File: graphics.cfg 2010/04/23 v1.9 graphics configuration of TeX Live
)
Package graphics Info: Driver file: pdftex.def on input line 91.

(/usr/local/texlive/2012/texmf-dist/tex/latex/pdftex-def/pdftex.def
File: pdftex.def 2011/05/27 v0.06d Graphics/color for pdfTeX

(/usr/local/texlive/2012/texmf-dist/tex/generic/oberdiek/infwarerr.sty
Package: infwarerr 2010/04/08 v1.3 Providing info/warning/error messages (HO)
)
(/usr/local/texlive/2012/texmf-dist/tex/generic/oberdiek/ltxcmds.sty
Package: ltxcmds 2011/11/09 v1.22 LaTeX kernel commands for general use (HO)
)
\Gread@gobject=\count94
))
\Gin@req@height=\dimen126
\Gin@req@width=\dimen127
)
(/usr/local/texlive/2012/texmf-dist/tex/latex/amsmath/amsmath.sty
Package: amsmath 2000/07/18 v2.13 AMS math features
\@mathmargin=\skip44

For additional information on amsmath, use the `?' option.
(/usr/local/texlive/2012/texmf-dist/tex/latex/amsmath/amstext.sty
Package: amstext 2000/06/29 v2.01

(/usr/local/texlive/2012/texmf-dist/tex/latex/amsmath/amsgen.sty
File: amsgen.sty 1999/11/30 v2.0
\@emptytoks=\toks16
\ex@=\dimen128
))
(/usr/local/texlive/2012/texmf-dist/tex/latex/amsmath/amsbsy.sty
Package: amsbsy 1999/11/29 v1.2d
\pmbraise@=\dimen129
)
(/usr/local/texlive/2012/texmf-dist/tex/latex/amsmath/amsopn.sty
Package: amsopn 1999/12/14 v2.01 operator names
)
\inf@bad=\count95
LaTeX Info: Redefining \frac on input line 211.
\uproot@=\count96
\leftroot@=\count97
LaTeX Info: Redefining \overline on input line 307.
\classnum@=\count98
\DOTSCASE@=\count99
LaTeX Info: Redefining \ldots on input line 379.
LaTeX Info: Redefining \dots on input line 382.
LaTeX Info: Redefining \cdots on input line 467.
\Mathstrutbox@=\box28
\strutbox@=\box29
\big@size=\dimen130
LaTeX Font Info:    Redeclaring font encoding OML on input line 567.
LaTeX Font Info:    Redeclaring font encoding OMS on input line 568.
\macc@depth=\count100
\c@MaxMatrixCols=\count101
\dotsspace@=\muskip10
\c@parentequation=\count102
\dspbrk@lvl=\count103
\tag@help=\toks17
\row@=\count104
\column@=\count105
\maxfields@=\count106
\andhelp@=\toks18
\eqnshift@=\dimen131
\alignsep@=\dimen132
\tagshift@=\dimen133
\tagwidth@=\dimen134
\totwidth@=\dimen135
\lineht@=\dimen136
\@envbody=\toks19
\multlinegap=\skip45
\multlinetaggap=\skip46
\mathdisplay@stack=\toks20
LaTeX Info: Redefining \[ on input line 2666.
LaTeX Info: Redefining \] on input line 2667.
)
(/usr/local/texlive/2012/texmf-dist/tex/latex/subfig/subfig.sty
Package: subfig 2005/06/28 ver: 1.3 subfig package

(/usr/local/texlive/2012/texmf-dist/tex/latex/caption/caption3.sty
Package: caption3 2012/01/12 v1.4b caption3 kernel (AR)
\captionmargin=\dimen137
\captionmargin@=\dimen138
\captionwidth=\dimen139
\caption@indent=\dimen140
\caption@parindent=\dimen141
\caption@hangindent=\dimen142
Package caption Info: Unknown document class (or package),
(caption)             standard defaults will be used.
)
\c@KVtest=\count107
\sf@farskip=\skip47
\sf@captopadj=\dimen143
\sf@capskip=\skip48
\sf@nearskip=\skip49
\c@subfigure=\count108
\c@subfigure@save=\count109
\c@lofdepth=\count110
\c@subtable=\count111
\c@subtable@save=\count112
\c@lotdepth=\count113
\sf@top=\skip50
\sf@bottom=\skip51
)
(/usr/local/texlive/2012/texmf-dist/tex/latex/url/url.sty
\Urlmuskip=\muskip11
Package: url 2006/04/12  ver 3.3  Verb mode for urls, etc.
)
(/usr/local/texlive/2012/texmf-dist/tex/latex/multirow/multirow.sty
\bigstrutjot=\dimen144
)
\c@mydef=\count114

(./NER-Diffusion-CI4BD-v1.aux)
\openout1 = `NER-Diffusion-CI4BD-v1.aux'.

LaTeX Font Info:    Checking defaults for OML/cmm/m/it on input line 26.
LaTeX Font Info:    ... okay on input line 26.
LaTeX Font Info:    Checking defaults for T1/cmr/m/n on input line 26.
LaTeX Font Info:    ... okay on input line 26.
LaTeX Font Info:    Checking defaults for OT1/cmr/m/n on input line 26.
LaTeX Font Info:    ... okay on input line 26.
LaTeX Font Info:    Checking defaults for OMS/cmsy/m/n on input line 26.
LaTeX Font Info:    ... okay on input line 26.
LaTeX Font Info:    Checking defaults for OMX/cmex/m/n on input line 26.
LaTeX Font Info:    ... okay on input line 26.
LaTeX Font Info:    Checking defaults for U/cmr/m/n on input line 26.
LaTeX Font Info:    ... okay on input line 26.

-- Lines per column: 61 (exact).
(/usr/local/texlive/2012/texmf-dist/tex/context/base/supp-pdf.mkii
[Loading MPS to PDF converter (version 2006.09.02).]
\scratchcounter=\count115
\scratchdimen=\dimen145
\scratchbox=\box30
\nofMPsegments=\count116
\nofMParguments=\count117
\everyMPshowfont=\toks21
\MPscratchCnt=\count118
\MPscratchDim=\dimen146
\MPnumerator=\count119
\makeMPintoPDFobject=\count120
\everyMPtoPDFconversion=\toks22
) (/usr/local/texlive/2012/texmf-dist/tex/generic/oberdiek/pdftexcmds.sty
Package: pdftexcmds 2011/11/29 v0.20 Utility functions of pdfTeX for LuaTeX (HO
)

(/usr/local/texlive/2012/texmf-dist/tex/generic/oberdiek/ifluatex.sty
Package: ifluatex 2010/03/01 v1.3 Provides the ifluatex switch (HO)
Package ifluatex Info: LuaTeX not detected.
)
(/usr/local/texlive/2012/texmf-dist/tex/generic/oberdiek/ifpdf.sty
Package: ifpdf 2011/01/30 v2.3 Provides the ifpdf switch (HO)
Package ifpdf Info: pdfTeX in PDF mode is detected.
)
Package pdftexcmds Info: LuaTeX not detected.
Package pdftexcmds Info: \pdf@primitive is available.
Package pdftexcmds Info: \pdf@ifprimitive is available.
Package pdftexcmds Info: \pdfdraftmode found.
)
(/usr/local/texlive/2012/texmf-dist/tex/latex/oberdiek/epstopdf-base.sty
Package: epstopdf-base 2010/02/09 v2.5 Base part for package epstopdf

(/usr/local/texlive/2012/texmf-dist/tex/latex/oberdiek/grfext.sty
Package: grfext 2010/08/19 v1.1 Manage graphics extensions (HO)

(/usr/local/texlive/2012/texmf-dist/tex/generic/oberdiek/kvdefinekeys.sty
Package: kvdefinekeys 2011/04/07 v1.3 Define keys (HO)
))
(/usr/local/texlive/2012/texmf-dist/tex/latex/oberdiek/kvoptions.sty
Package: kvoptions 2011/06/30 v3.11 Key value format for package options (HO)

(/usr/local/texlive/2012/texmf-dist/tex/generic/oberdiek/kvsetkeys.sty
Package: kvsetkeys 2012/04/25 v1.16 Key value parser (HO)

(/usr/local/texlive/2012/texmf-dist/tex/generic/oberdiek/etexcmds.sty
Package: etexcmds 2011/02/16 v1.5 Avoid name clashes with e-TeX commands (HO)
Package etexcmds Info: Could not find \expanded.
(etexcmds)             That can mean that you are not using pdfTeX 1.50 or
(etexcmds)             that some package has redefined \expanded.
(etexcmds)             In the latter case, load this package earlier.
)))
Package grfext Info: Graphics extension search list:
(grfext)             [.png,.pdf,.jpg,.mps,.jpeg,.jbig2,.jb2,.PNG,.PDF,.JPG,.JPE
G,.JBIG2,.JB2,.eps]
(grfext)             \AppendGraphicsExtensions on input line 452.

(/usr/local/texlive/2012/texmf-dist/tex/latex/latexconfig/epstopdf-sys.cfg
File: epstopdf-sys.cfg 2010/07/13 v1.3 Configuration of (r)epstopdf for TeX Liv
e
))
Package caption Info: Begin \AtBeginDocument code.
Package caption Info: subfig package v1.3 is loaded.
Package caption Info: End \AtBeginDocument code.
LaTeX Font Info:    Try loading font information for OT1+phv on input line 57.

(/usr/local/texlive/2012/texmf-dist/tex/latex/psnfss/ot1phv.fd
File: ot1phv.fd 2001/06/04 scalable font definitions for OT1/phv.
)
LaTeX Font Info:    Font shape `OT1/phv/bx/n' in size <8.03> not available
(Font)              Font shape `OT1/phv/b/n' tried instead on input line 57.
LaTeX Font Info:    Calculating math sizes for size <11.04124> on input line 57
.
LaTeX Font Info:    Try loading font information for U+pzd on input line 57.

(/usr/local/texlive/2012/texmf-dist/tex/latex/psnfss/upzd.fd
File: upzd.fd 2001/06/04 font definitions for U/pzd.
)
LaTeX Font Info:    Calculating math sizes for size <8.03> on input line 57.
LaTeX Font Info:    Font shape `OT1/phv/bx/n' in size <11.04124> not available
(Font)              Font shape `OT1/phv/b/n' tried instead on input line 83.
LaTeX Font Info:    Font shape `OT1/phv/bx/sc' in size <11.04124> not available

(Font)              Font shape `OT1/phv/b/sc' tried instead on input line 83.
LaTeX Font Info:    Calculating math sizes for size <9.53561> on input line 96.

 [1{/Users/mrowe/Library/texlive/2012/texmf-var/fonts/map/pdftex/updmap/pdftex.
map}


]
LaTeX Font Info:    Font shape `OT1/phv/bx/n' in size <9.53561> not available
(Font)              Font shape `OT1/phv/b/n' tried instead on input line 142.
 [2]
<reddit-example.png, id=18, 502.87875pt x 734.745pt>
File: reddit-example.png Graphic file (type png)
 <use reddit-example.png>
Package pdftex.def Info: reddit-example.png used on input line 211.
(pdftex.def)             Requested size: 177.06071pt x 258.70055pt.

Underfull \hbox (badness 10000) in paragraph at lines 231--231
[][][]$\OT1/ppl/m/n/8.03 https : / / github . com / mattroweshow / NER-[]Di-[]
Paper / tree /
 []

[3 <./reddit-example.png>]
LaTeX Font Info:    Try loading font information for OT1+pcr on input line 244.


(/usr/local/texlive/2012/texmf-dist/tex/latex/psnfss/ot1pcr.fd
File: ot1pcr.fd 2001/06/04 font definitions for OT1/pcr.
)
Underfull \hbox (badness 4739) in paragraph at lines 296--297
[]\OT1/ppl/m/n/9.53561 The av-er-age mu-tual in-for-ma-tion of $\OML/cmm/m/it/1
0 C$\OT1/ppl/m/n/9.53561 , de-noted
 []

[4] [5] <chart-results-rcv-crop.pdf, id=37, 904.37875pt x 359.3425pt>
File: chart-results-rcv-crop.pdf Graphic file (type pdf)

<use chart-results-rcv-crop.pdf>
Package pdftex.def Info: chart-results-rcv-crop.pdf used on input line 426.
(pdftex.def)             Requested size: 252.94499pt x 100.50006pt.
 <entity_ts.pdf, id=38, 578.16pt x 433.62pt>
File: entity_ts.pdf Graphic file (type pdf)

<use entity_ts.pdf>
Package pdftex.def Info: entity_ts.pdf used on input line 467.
(pdftex.def)             Requested size: 252.94499pt x 189.70828pt.
 [6 <./chart-results-rcv-crop.pdf> <./entity_ts.pdf>]
<cascade_shapes.pdf, id=84, 349.82994pt x 350.26044pt>
File: cascade_shapes.pdf Graphic file (type pdf)

<use cascade_shapes.pdf>
Package pdftex.def Info: cascade_shapes.pdf used on input line 518.
(pdftex.def)             Requested size: 123.94443pt x 124.0948pt.

<cascade_rank_dist.pdf, id=85, 337.2851pt x 346.82071pt>
File: cascade_rank_dist.pdf Graphic file (type pdf)

<use cascade_rank_dist.pdf>
Package pdftex.def Info: cascade_rank_dist.pdf used on input line 519.
(pdftex.def)             Requested size: 123.94443pt x 127.44846pt.
 [7 <./cascade_shapes.pdf> <./cascade_rank_dist.pdf

pdfTeX warning: /usr/texbin/pdflatex (file ./cascade_rank_dist.pdf): PDF inclus
ion: multiple pdfs with page group included in a single page
>] <exposure_count_dist_full_log.pdf, id=271, 353.7215pt x 348.20087pt>
File: exposure_count_dist_full_log.pdf Graphic file (type pdf)

<use exposure_count_dist_full_log.pdf>
Package pdftex.def Info: exposure_count_dist_full_log.pdf used on input line 55
0.
(pdftex.def)             Requested size: 123.94443pt x 122.01025pt.

<per_entity_exposure_count_dist_full_log.pdf, id=272, 361.92215pt x 361.12856pt
>
File: per_entity_exposure_count_dist_full_log.pdf Graphic file (type pdf)
 <use per_entity_exposure_count_dist_full_log.pdf>
Package pdftex.def Info: per_entity_exposure_count_dist_full_log.pdf used on in
put line 551.
(pdftex.def)             Requested size: 123.94443pt x 123.67476pt.

Underfull \hbox (badness 10000) in paragraph at lines 551--551
[]\OT1/phv/m/n/8.03 (b) |Sam-pled En-tity Exposure-
 []

<taus_dist.pdf, id=273, 370.50294pt x 345.12689pt>
File: taus_dist.pdf Graphic file (type pdf)
 <use taus_dist.pdf>
Package pdftex.def Info: taus_dist.pdf used on input line 590.
(pdftex.def)             Requested size: 123.94443pt x 115.45102pt.

<taus_dist_full_log.pdf, id=274, 356.73274pt x 350.20837pt>
File: taus_dist_full_log.pdf Graphic file (type pdf)

<use taus_dist_full_log.pdf>
Package pdftex.def Info: taus_dist_full_log.pdf used on input line 591.
(pdftex.def)             Requested size: 117.61848pt x 115.46758pt.
LaTeX Font Info:    Font shape `OT1/phv/m/it' in size <8.03> not available
(Font)              Font shape `OT1/phv/m/sl' tried instead on input line 593.
LaTeX Font Info:    Font shape `OT1/phv/m/it' in size <9.53561> not available
(Font)              Font shape `OT1/phv/m/sl' tried instead on input line 597.

Underfull \hbox (badness 2790) in paragraph at lines 597--597
 \OT1/phv/m/sl/9.53561 4.3.1 Ad-di-tional In-flu-ence Dy-nam-ics -- Entity-Adop
tion
 []

[8 <./exposure_count_dist_full_log.pdf> <./per_entity_exposure_count_dist_full_
log.pdf

pdfTeX warning: /usr/texbin/pdflatex (file ./per_entity_exposure_count_dist_ful
l_log.pdf): PDF inclusion: multiple pdfs with page group included in a single p
age
>] [9 <./taus_dist.pdf> <./taus_dist_full_log.pdf

pdfTeX warning: /usr/texbin/pdflatex (file ./taus_dist_full_log.pdf): PDF inclu
sion: multiple pdfs with page group included in a single page
>] [10] (./NER-Diffusion-CI4BD-v1.bbl [11]
Underfull \hbox (badness 10000) in paragraph at lines 180--182
\OT1/ppl/m/n/8.03 https://archive.org/details/2015[]reddit[]comments[]corpus,
 []

) <matthew.jpg, id=454, 390.45876pt x 527.9725pt>
File: matthew.jpg Graphic file (type jpg)
 <use matthew.jpg>
Package pdftex.def Info: matthew.jpg used on input line 757.
(pdftex.def)             Requested size: 66.80608pt x 90.33418pt.
File: matthew.jpg Graphic file (type jpg)

<use matthew.jpg>
Package pdftex.def Info: matthew.jpg used on input line 757.
(pdftex.def)             Requested size: 66.80608pt x 90.33418pt.
 <leon-symposium-crop.jpg, id=457, 1457.445pt x 1237.62375pt>
File: leon-symposium-crop.jpg Graphic file (type jpg)

<use leon-symposium-crop.jpg>
Package pdftex.def Info: leon-symposium-crop.jpg used on input line 764.
(pdftex.def)             Requested size: 72.25383pt x 61.35603pt.
File: leon-symposium-crop.jpg Graphic file (type jpg)
 <use leon-symposium-crop.jpg>
Package pdftex.def Info: leon-symposium-crop.jpg used on input line 764.
(pdftex.def)             Requested size: 72.25383pt x 61.35603pt.
 [12 <./matthew.jpg> <./leon-symposium-crop.jpg>] (./NER-Diffusion-CI4BD-v1.aux
) ) 
Here is how much of TeX's memory you used:
 4104 strings out of 493488
 66094 string characters out of 3141326
 133847 words of memory out of 3000000
 7330 multiletter control sequences out of 15000+200000
 52591 words of font info for 112 fonts, out of 3000000 for 9000
 960 hyphenation exceptions out of 8191
 38i,10n,46p,738b,374s stack positions out of 5000i,500n,10000p,200000b,50000s
{/usr/local/texlive/2012/texmf-dist/fonts/enc/dvips/base/8r.enc}</usr/local/
texlive/2012/texmf-dist/fonts/type1/public/amsfonts/cm/cmex10.pfb></usr/local/t
exlive/2012/texmf-dist/fonts/type1/public/amsfonts/cm/cmmi10.pfb></usr/local/te
xlive/2012/texmf-dist/fonts/type1/public/amsfonts/cm/cmmi5.pfb></usr/local/texl
ive/2012/texmf-dist/fonts/type1/public/amsfonts/cm/cmmi6.pfb></usr/local/texliv
e/2012/texmf-dist/fonts/type1/public/amsfonts/cm/cmmi7.pfb></usr/local/texlive/
2012/texmf-dist/fonts/type1/public/amsfonts/cm/cmmi8.pfb></usr/local/texlive/20
12/texmf-dist/fonts/type1/public/amsfonts/cm/cmr10.pfb></usr/local/texlive/2012
/texmf-dist/fonts/type1/public/amsfonts/cm/cmr7.pfb></usr/local/texlive/2012/te
xmf-dist/fonts/type1/public/amsfonts/cm/cmr8.pfb></usr/local/texlive/2012/texmf
-dist/fonts/type1/public/amsfonts/cm/cmsy10.pfb></usr/local/texlive/2012/texmf-
dist/fonts/type1/public/amsfonts/cm/cmsy7.pfb></usr/local/texlive/2012/texmf-di
st/fonts/type1/public/amsfonts/cm/cmsy8.pfb></usr/local/texlive/2012/texmf-dist
/fonts/type1/urw/courier/ucrr8a.pfb></usr/local/texlive/2012/texmf-dist/fonts/t
ype1/urw/helvetic/uhvb8a.pfb></usr/local/texlive/2012/texmf-dist/fonts/type1/ur
w/helvetic/uhvr8a.pfb></usr/local/texlive/2012/texmf-dist/fonts/type1/urw/helve
tic/uhvro8a.pfb></usr/local/texlive/2012/texmf-dist/fonts/type1/urw/palatino/up
lb8a.pfb></usr/local/texlive/2012/texmf-dist/fonts/type1/urw/palatino/uplbi8a.p
fb></usr/local/texlive/2012/texmf-dist/fonts/type1/urw/palatino/uplr8a.pfb></us
r/local/texlive/2012/texmf-dist/fonts/type1/urw/palatino/uplri8a.pfb></usr/loca
l/texlive/2012/texmf-dist/fonts/type1/urw/zapfding/uzdr.pfb>
Output written on NER-Diffusion-CI4BD-v1.pdf (12 pages, 1405055 bytes).
PDF statistics:
 533 PDF objects out of 1000 (max. 8388607)
 168 compressed objects within 2 object streams
 0 named destinations out of 1000 (max. 500000)
 80 words of extra memory for PDF output out of 10000 (max. 10000000)

